Using pre-set license
Built from '2021.1/staging' branch; Version is '2021.1.5f1 (3737af19df53) revision 3618735'; Using compiler version '192528614'; Build Type 'Release'
OS: 'Windows 10 Home; OS build 19042.928; Version 2009; 64bit' Language: 'en' Physical Memory: 16302 MB
BatchMode: 1, IsHumanControllingUs: 0, StartBugReporterOnCrash: 0, Is64bit: 1, IsPro: 0

 COMMAND LINE ARGUMENTS:
C:\Users\SKmuffin\Documents\Unity\2021.1.5f1\Editor\Unity.exe
-adb2
-batchMode
-noUpm
-name
AssetImportWorker0
-projectPath
E:/unity/Dominace Reverse
-logFile
Logs/AssetImportWorker0.log
-srvPort
57414
Successfully changed project path to: E:/unity/Dominace Reverse
E:/unity/Dominace Reverse
Using Asset Import Pipeline V2.
Refreshing native plugins compatible for Editor in 112.70 ms, found 2 plugins.
Preloading 0 native plugins for Editor in 0.00 ms.
Initialize engine version: 2021.1.5f1 (3737af19df53)
[Subsystems] Discovering subsystems at path C:/Users/SKmuffin/Documents/Unity/2021.1.5f1/Editor/Data/Resources/UnitySubsystems
[Subsystems] Discovering subsystems at path E:/unity/Dominace Reverse/Assets
GfxDevice: creating device client; threaded=0; jobified=0
Direct3D:
    Version:  Direct3D 11.0 [level 11.1]
    Renderer: NVIDIA GeForce RTX 2080 (ID=0x1e82)
    Vendor:   NVIDIA
    VRAM:     8010 MB
    Driver:   27.21.14.6089
Initialize mono
Mono path[0] = 'C:/Users/SKmuffin/Documents/Unity/2021.1.5f1/Editor/Data/Managed'
Mono path[1] = 'C:/Users/SKmuffin/Documents/Unity/2021.1.5f1/Editor/Data/MonoBleedingEdge/lib/mono/unityjit'
Mono config path = 'C:/Users/SKmuffin/Documents/Unity/2021.1.5f1/Editor/Data/MonoBleedingEdge/etc'
Using monoOptions --debugger-agent=transport=dt_socket,embedding=1,server=y,suspend=n,address=127.0.0.1:56240
Begin MonoManager ReloadAssembly
Registering precompiled unity dll's ...
Register platform support module: C:/Users/SKmuffin/Documents/Unity/2021.1.5f1/Editor/Data/PlaybackEngines/WebGLSupport/UnityEditor.WebGL.Extensions.dll
Register platform support module: C:/Users/SKmuffin/Documents/Unity/2021.1.5f1/Editor/Data/PlaybackEngines/WindowsStandaloneSupport/UnityEditor.WindowsStandalone.Extensions.dll
Register platform support module: C:/Users/SKmuffin/Documents/Unity/2021.1.5f1/Editor/Data/PlaybackEngines/LuminSupport/UnityEditor.Lumin.Extensions.dll
Registered in 0.002418 seconds.
Native extension for Lumin target not found
Native extension for WindowsStandalone target not found
Native extension for WebGL target not found
Refreshing native plugins compatible for Editor in 101.82 ms, found 2 plugins.
Preloading 0 native plugins for Editor in 0.00 ms.
Mono: successfully reloaded assembly
- Completed reload, in  1.691 seconds
Platform modules already initialized, skipping
Registering precompiled user dll's ...
Registered in 0.002970 seconds.
Begin MonoManager ReloadAssembly
Native extension for Lumin target not found
Native extension for WindowsStandalone target not found
Native extension for WebGL target not found
Refreshing native plugins compatible for Editor in 107.15 ms, found 2 plugins.
Preloading 0 native plugins for Editor in 0.00 ms.
Mono: successfully reloaded assembly
- Completed reload, in  2.063 seconds
Platform modules already initialized, skipping
========================================================================
Worker process is ready to serve import requests
Launched and connected shader compiler UnityShaderCompiler.exe after 0.07 seconds
Refreshing native plugins compatible for Editor in 2.69 ms, found 2 plugins.
Preloading 0 native plugins for Editor in 0.00 ms.
Unloading 3853 Unused Serialized files (Serialized files now loaded: 0)
System memory in use before: 142.2 MB.
System memory in use after: 142.3 MB.

Unloading 65 unused Assets to reduce memory usage. Loaded Objects now: 4273.
Total: 5.901300 ms (FindLiveObjects: 0.320900 ms CreateObjectMapping: 0.157400 ms MarkObjects: 5.299100 ms  DeleteObjects: 0.122600 ms)

========================================================================
Received Import Request.
  path: Assets/scripts/GetName.cs
  artifactKey: Guid(7d568ee97500b3a4ba98ee6d6839fe97) Importer(815301076,1909f56bfc062723c751e8b465ee728b)
Start importing Assets/scripts/GetName.cs using Guid(7d568ee97500b3a4ba98ee6d6839fe97) Importer(815301076,1909f56bfc062723c751e8b465ee728b)  -> (artifact id: '045f617c10e92d18c53ac44903ad2beb') in 0.577708 seconds 
========================================================================
Received Prepare
Registering precompiled user dll's ...
Registered in 0.002882 seconds.
Begin MonoManager ReloadAssembly
Native extension for Lumin target not found
Native extension for WindowsStandalone target not found
Native extension for WebGL target not found
Refreshing native plugins compatible for Editor in 1.73 ms, found 2 plugins.
Preloading 0 native plugins for Editor in 0.00 ms.
Mono: successfully reloaded assembly
- Completed reload, in  1.265 seconds
Platform modules already initialized, skipping
Refreshing native plugins compatible for Editor in 1.28 ms, found 2 plugins.
Preloading 0 native plugins for Editor in 0.00 ms.
Unloading 3835 Unused Serialized files (Serialized files now loaded: 0)
System memory in use before: 141.0 MB.
System memory in use after: 141.1 MB.

Unloading 53 unused Assets to reduce memory usage. Loaded Objects now: 4277.
Total: 6.272900 ms (FindLiveObjects: 0.424600 ms CreateObjectMapping: 0.247100 ms MarkObjects: 5.470200 ms  DeleteObjects: 0.128900 ms)

========================================================================
Received Import Request.
  Time since last request: 30.846146 seconds.
  path: Assets/scripts/ButtonHitboxes.cs
  artifactKey: Guid(6ffe786c05d2d654ba8c08e73762ccb4) Importer(815301076,1909f56bfc062723c751e8b465ee728b)
Start importing Assets/scripts/ButtonHitboxes.cs using Guid(6ffe786c05d2d654ba8c08e73762ccb4) Importer(815301076,1909f56bfc062723c751e8b465ee728b)  -> (artifact id: '4f48e22ff476ae32404493b0079e4ac7') in 0.025229 seconds 
========================================================================
Received Prepare
Registering precompiled user dll's ...
Registered in 0.207122 seconds.
Begin MonoManager ReloadAssembly
Native extension for Lumin target not found
Native extension for WindowsStandalone target not found
Native extension for WebGL target not found
Refreshing native plugins compatible for Editor in 2.38 ms, found 2 plugins.
Preloading 0 native plugins for Editor in 0.00 ms.
Mono: successfully reloaded assembly
- Completed reload, in  5.028 seconds
Platform modules already initialized, skipping
Refreshing native plugins compatible for Editor in 1.55 ms, found 2 plugins.
Preloading 0 native plugins for Editor in 0.00 ms.
Unloading 3836 Unused Serialized files (Serialized files now loaded: 0)
System memory in use before: 141.1 MB.
System memory in use after: 141.2 MB.

Unloading 53 unused Assets to reduce memory usage. Loaded Objects now: 4282.
Total: 9.143900 ms (FindLiveObjects: 1.463300 ms CreateObjectMapping: 0.583900 ms MarkObjects: 6.902200 ms  DeleteObjects: 0.192000 ms)

========================================================================
Received Import Request.
  Time since last request: 454.891742 seconds.
  path: Assets/scripts/ButtonHitboxes.cs
  artifactKey: Guid(6ffe786c05d2d654ba8c08e73762ccb4) Importer(815301076,1909f56bfc062723c751e8b465ee728b)
Start importing Assets/scripts/ButtonHitboxes.cs using Guid(6ffe786c05d2d654ba8c08e73762ccb4) Importer(815301076,1909f56bfc062723c751e8b465ee728b)  -> (artifact id: 'a1a5ce4c66890dc8a7e9aefa43d10f90') in 0.036392 seconds 
========================================================================
Received Prepare
Registering precompiled user dll's ...
Registered in 0.244633 seconds.
Begin MonoManager ReloadAssembly
Native extension for Lumin target not found
Native extension for WindowsStandalone target not found
Native extension for WebGL target not found
Refreshing native plugins compatible for Editor in 1.09 ms, found 2 plugins.
Preloading 0 native plugins for Editor in 0.00 ms.
Mono: successfully reloaded assembly
- Completed reload, in  0.981 seconds
Platform modules already initialized, skipping
Refreshing native plugins compatible for Editor in 1.35 ms, found 2 plugins.
Preloading 0 native plugins for Editor in 0.00 ms.
Unloading 3836 Unused Serialized files (Serialized files now loaded: 0)
System memory in use before: 141.1 MB.
System memory in use after: 141.2 MB.

Unloading 53 unused Assets to reduce memory usage. Loaded Objects now: 4286.
Total: 6.994800 ms (FindLiveObjects: 0.297100 ms CreateObjectMapping: 0.170500 ms MarkObjects: 6.358200 ms  DeleteObjects: 0.167600 ms)

========================================================================
Received Prepare
Registering precompiled user dll's ...
Registered in 0.005336 seconds.
Begin MonoManager ReloadAssembly
Native extension for Lumin target not found
Native extension for WindowsStandalone target not found
Native extension for WebGL target not found
Refreshing native plugins compatible for Editor in 1.55 ms, found 2 plugins.
Preloading 0 native plugins for Editor in 0.00 ms.
Mono: successfully reloaded assembly
- Completed reload, in  1.475 seconds
Platform modules already initialized, skipping
Refreshing native plugins compatible for Editor in 1.98 ms, found 2 plugins.
Preloading 0 native plugins for Editor in 0.00 ms.
Unloading 3836 Unused Serialized files (Serialized files now loaded: 0)
System memory in use before: 141.1 MB.
System memory in use after: 141.2 MB.

Unloading 53 unused Assets to reduce memory usage. Loaded Objects now: 4290.
Total: 8.953700 ms (FindLiveObjects: 0.891100 ms CreateObjectMapping: 0.698500 ms MarkObjects: 7.206400 ms  DeleteObjects: 0.155700 ms)

========================================================================
Received Prepare
Registering precompiled user dll's ...
Registered in 0.002938 seconds.
Begin MonoManager ReloadAssembly
Native extension for Lumin target not found
Native extension for WindowsStandalone target not found
Native extension for WebGL target not found
Refreshing native plugins compatible for Editor in 0.94 ms, found 2 plugins.
Preloading 0 native plugins for Editor in 0.00 ms.
Mono: successfully reloaded assembly
- Completed reload, in  1.028 seconds
Platform modules already initialized, skipping
Refreshing native plugins compatible for Editor in 3.87 ms, found 2 plugins.
Preloading 0 native plugins for Editor in 0.00 ms.
Unloading 3836 Unused Serialized files (Serialized files now loaded: 0)
System memory in use before: 141.2 MB.
System memory in use after: 141.3 MB.

Unloading 53 unused Assets to reduce memory usage. Loaded Objects now: 4294.
Total: 15.977200 ms (FindLiveObjects: 1.742100 ms CreateObjectMapping: 0.594500 ms MarkObjects: 13.507100 ms  DeleteObjects: 0.132100 ms)

========================================================================
Received Import Request.
  Time since last request: 322.212522 seconds.
  path: Assets/scripts/manager
  artifactKey: Guid(2de8fa5f493bc5a48928a974eaa5006e) Importer(815301076,1909f56bfc062723c751e8b465ee728b)
Start importing Assets/scripts/manager using Guid(2de8fa5f493bc5a48928a974eaa5006e) Importer(815301076,1909f56bfc062723c751e8b465ee728b)  -> (artifact id: 'd3a044fd43d02470492ff7c228a5d782') in 0.031193 seconds 
AssetImportWorkerClient::OnTransportError - code=2 error=End of file
